{"/Users/decagon/Desktop/react-testing/src/components/applications/Application.tsx": {"path":"/Users/decagon/Desktop/react-testing/src/components/applications/Application.tsx","statementMap":{"0":{"start":{"line":3,"column":20},"end":{"line":42,"column":1}},"1":{"start":{"line":4,"column":2},"end":{"line":41,"column":3}}},"fnMap":{"0":{"name":"(anonymous_0)","decl":{"start":{"line":3,"column":20},"end":{"line":3,"column":21}},"loc":{"start":{"line":3,"column":26},"end":{"line":42,"column":1}},"line":3}},"branchMap":{},"s":{"0":1,"1":1},"f":{"0":1},"b":{},"_coverageSchema":"1a1c01bbd47fc00a2c39e90264f33305004495a9","hash":"fcd416ab78305a85019f5350d6f7525cf5ffae24"}
,"/Users/decagon/Desktop/react-testing/src/components/counter/Counter.tsx": {"path":"/Users/decagon/Desktop/react-testing/src/components/counter/Counter.tsx","statementMap":{"0":{"start":{"line":3,"column":16},"end":{"line":24,"column":1}},"1":{"start":{"line":5,"column":28},"end":{"line":5,"column":39}},"2":{"start":{"line":6,"column":30},"end":{"line":6,"column":41}},"3":{"start":{"line":7,"column":2},"end":{"line":23,"column":3}},"4":{"start":{"line":12,"column":29},"end":{"line":12,"column":48}},"5":{"start":{"line":18,"column":22},"end":{"line":18,"column":57}},"6":{"start":{"line":21,"column":27},"end":{"line":21,"column":43}}},"fnMap":{"0":{"name":"(anonymous_0)","decl":{"start":{"line":3,"column":16},"end":{"line":3,"column":17}},"loc":{"start":{"line":3,"column":22},"end":{"line":24,"column":1}},"line":3},"1":{"name":"(anonymous_1)","decl":{"start":{"line":12,"column":23},"end":{"line":12,"column":24}},"loc":{"start":{"line":12,"column":29},"end":{"line":12,"column":48}},"line":12},"2":{"name":"(anonymous_2)","decl":{"start":{"line":18,"column":17},"end":{"line":18,"column":18}},"loc":{"start":{"line":18,"column":22},"end":{"line":18,"column":57}},"line":18},"3":{"name":"(anonymous_3)","decl":{"start":{"line":21,"column":23},"end":{"line":21,"column":24}},"loc":{"start":{"line":21,"column":27},"end":{"line":21,"column":43}},"line":21}},"branchMap":{},"s":{"0":1,"1":13,"2":12,"3":12,"4":3,"5":2,"6":1},"f":{"0":13,"1":3,"2":2,"3":1},"b":{},"_coverageSchema":"1a1c01bbd47fc00a2c39e90264f33305004495a9","hash":"1d23affba01ead00af1d8155c04dcf74256849fb"}
,"/Users/decagon/Desktop/react-testing/src/components/greet/Greet.tsx": {"path":"/Users/decagon/Desktop/react-testing/src/components/greet/Greet.tsx","statementMap":{"0":{"start":{"line":3,"column":14},"end":{"line":7,"column":1}},"1":{"start":{"line":4,"column":2},"end":{"line":6,"column":3}}},"fnMap":{"0":{"name":"(anonymous_0)","decl":{"start":{"line":3,"column":14},"end":{"line":3,"column":15}},"loc":{"start":{"line":3,"column":32},"end":{"line":7,"column":1}},"line":3}},"branchMap":{"0":{"loc":{"start":{"line":5,"column":15},"end":{"line":5,"column":36}},"type":"cond-expr","locations":[{"start":{"line":5,"column":22},"end":{"line":5,"column":26}},{"start":{"line":5,"column":29},"end":{"line":5,"column":36}}],"line":5}},"s":{"0":1,"1":1},"f":{"0":1},"b":{"0":[0,1]},"_coverageSchema":"1a1c01bbd47fc00a2c39e90264f33305004495a9","hash":"71696fdbfd84c6bc9f070b6c4d5668e8d5375011"}
,"/Users/decagon/Desktop/react-testing/src/components/mui/Mui-Mode.tsx": {"path":"/Users/decagon/Desktop/react-testing/src/components/mui/Mui-Mode.tsx","statementMap":{"0":{"start":{"line":4,"column":23},"end":{"line":9,"column":1}},"1":{"start":{"line":5,"column":18},"end":{"line":5,"column":28}},"2":{"start":{"line":6,"column":4},"end":{"line":8,"column":5}}},"fnMap":{"0":{"name":"(anonymous_0)","decl":{"start":{"line":4,"column":23},"end":{"line":4,"column":24}},"loc":{"start":{"line":4,"column":29},"end":{"line":9,"column":1}},"line":4}},"branchMap":{},"s":{"0":1,"1":1,"2":1},"f":{"0":1},"b":{},"_coverageSchema":"1a1c01bbd47fc00a2c39e90264f33305004495a9","hash":"0a989b49af7638f1e4f235a81ba98f17fa55746f"}
,"/Users/decagon/Desktop/react-testing/src/components/skills/Skill.tsx": {"path":"/Users/decagon/Desktop/react-testing/src/components/skills/Skill.tsx","statementMap":{"0":{"start":{"line":4,"column":14},"end":{"line":29,"column":1}},"1":{"start":{"line":5,"column":40},"end":{"line":5,"column":55}},"2":{"start":{"line":7,"column":3},"end":{"line":11,"column":9}},"3":{"start":{"line":8,"column":4},"end":{"line":10,"column":10}},"4":{"start":{"line":9,"column":8},"end":{"line":9,"column":27}},"5":{"start":{"line":12,"column":2},"end":{"line":28,"column":3}},"6":{"start":{"line":16,"column":12},"end":{"line":16,"column":47}},"7":{"start":{"line":24,"column":29},"end":{"line":24,"column":48}}},"fnMap":{"0":{"name":"(anonymous_0)","decl":{"start":{"line":4,"column":14},"end":{"line":4,"column":15}},"loc":{"start":{"line":4,"column":39},"end":{"line":29,"column":1}},"line":4},"1":{"name":"(anonymous_1)","decl":{"start":{"line":7,"column":13},"end":{"line":7,"column":14}},"loc":{"start":{"line":7,"column":17},"end":{"line":11,"column":4}},"line":7},"2":{"name":"(anonymous_2)","decl":{"start":{"line":8,"column":15},"end":{"line":8,"column":16}},"loc":{"start":{"line":8,"column":19},"end":{"line":10,"column":5}},"line":8},"3":{"name":"(anonymous_3)","decl":{"start":{"line":15,"column":20},"end":{"line":15,"column":21}},"loc":{"start":{"line":15,"column":29},"end":{"line":17,"column":9}},"line":15},"4":{"name":"(anonymous_4)","decl":{"start":{"line":24,"column":25},"end":{"line":24,"column":26}},"loc":{"start":{"line":24,"column":29},"end":{"line":24,"column":48}},"line":24}},"branchMap":{"0":{"loc":{"start":{"line":21,"column":8},"end":{"line":24,"column":64}},"type":"cond-expr","locations":[{"start":{"line":22,"column":8},"end":{"line":22,"column":39}},{"start":{"line":24,"column":8},"end":{"line":24,"column":64}}],"line":21}},"s":{"0":1,"1":6,"2":6,"3":5,"4":5,"5":6,"6":18,"7":0},"f":{"0":6,"1":5,"2":5,"3":18,"4":0},"b":{"0":[1,5]},"_coverageSchema":"1a1c01bbd47fc00a2c39e90264f33305004495a9","hash":"3d2ea45dcb1498d44354f4eb5a6a810b87d1f46e"}
}
